 
RESTART:
00000000/00000000  0D 00 00                                           NOP
00000003/00000001  11 00 00                                           INT
 
REQUESTFROMEU:
00000006/00000002  1C 80 00                                           IN R0,P1
00000009/00000003  14 03 00                                           LI R0:0,B3
0000000C/00000004  05 C3 01                                           CALL OFFSET SETOBJECTBASE
0000000F/00000005  14 20 00                                           LI R0:8,B0
00000012/00000006  14 01 00                                           LI R0:0,B1
00000015/00000007  18 40 00                                           OUT P0,R0
00000018/00000008  0D 00 00                                           NOP
0000001B/00000009  1C 40 00                                           IN R0,P0
0000001E/0000000A  32 04 00                                           XOR R1:R1
00000021/0000000B  34 60 00                                           LI R1:24,B0
00000024/0000000C  3E 26 00                                           LD DW,R1,BR0:R1:0
00000027/0000000D  1D 04 00                                           CMP R0:R1
0000002A/0000000E  61 C9 01                                           JMP AGB,OFFSET ERROR_02
0000002D/0000000F  81 C9 01                                           JMP AEB,OFFSET ERROR_02
00000030/00000010  32 04 00                                           XOR R1:R1
00000033/00000011  34 50 00                                           LI R1:20,B0
00000036/00000012  3E 46 00                                           LD DD,R1,BR0:R1:0
00000039/00000013  13 00 00                                           DSL R0
0000003C/00000014  03 00 00                                           LSL R0
0000003F/00000015  22 00 00                                           ADD R1:R0
00000042/00000016  1E 46 00                                           LD DD,R0,BR0:R1:0
00000045/00000017  18 10 00                                           OUT BR1L,R0
00000048/00000018  3E C6 00                                           LD DD,R1,BR0:R1:1
0000004B/00000019  54 3C 00                                           LI R2:0FH,B0
0000004E/0000001A  58 40 00                                           OUT P0,R2
00000051/0000001B  72 0C 00                                           XOR R3:R3
00000054/0000001C  5C 40 00                                           IN R2,P0
00000057/0000001D  74 FF 03                                           LI R3:0FFH,B3
0000005A/0000001E  96 0C 00                                           MOV R4,R3
0000005D/0000001F  8A 00 00                                           AND R4:R0
00000060/00000020  21 32 00                                           JMP ZF,OFFSET INTERNALMESSAGE
00000063/00000021  6A 08 00                                           AND R3:R2
00000066/00000022  7D 10 00                                           CMP R3:R4
00000069/00000023  81 32 00                                           JMP AEB,OFFSET INTERNALMESSAGE
0000006C/00000024  72 0C 00                                           XOR R3:R3
0000006F/00000025  74 24 00                                           LI R3:9,B0
00000072/00000026  78 40 00                                           OUT P0,R3
00000075/00000027  52 08 00                                           XOR R2:R2
00000078/00000028  7C 40 00                                           IN R3,P0
0000007B/00000029  54 2C 00                                           LI R2:0BH,B0
0000007E/0000002A  58 40 00                                           OUT P0,R2
00000081/0000002B  18 80 00                                           OUT P1,R0
00000084/0000002C  38 80 00                                           OUT P1,R1
00000087/0000002D  78 80 00                                           OUT P1,R3
 
RESUMEEU:
0000008A/0000002E  54 40 00                                           LI R2:10H,B0
0000008D/0000002F  58 40 00                                           OUT P0,R2
00000090/00000030  0D 00 00                                           NOP
00000093/00000031  11 00 00                                           INT
 
INTERNALMESSAGE:
00000096/00000032  14 03 00                                           LI R0:0,B3
00000099/00000033  0E 00 00                                           OR R0:R0
0000009C/00000034  21 CD 01                                           JMP ZF,OFFSET ERROR_0A
0000009F/00000035  54 03 00                                           LI R2:0,B3
000000A2/00000036  1D 08 00                                           CMP R0:R2
000000A5/00000037  61 CD 01                                           JMP AGB,OFFSET ERROR_0A
000000A8/00000038  81 CD 01                                           JMP AEB,OFFSET ERROR_0A
000000AB/00000039  05 C3 01                                           CALL OFFSET SETOBJECTBASE
000000AE/0000003A  92 10 00                                           XOR R4:R4
000000B1/0000003B  94 40 00                                           LI R4:16,B0
000000B4/0000003C  B2 14 00                                           XOR R5:R5
000000B7/0000003D  BE 32 00                                           LD DW,R5,BR0:R4:0
000000BA/0000003E  3D 14 00                                           CMP R1:R5
000000BD/0000003F  61 D0 01                                           JMP AGB,OFFSET ERROR_12
000000C0/00000040  81 D0 01                                           JMP AEB,OFFSET ERROR_12
000000C3/00000041  33 00 00                                           DSL R1
000000C6/00000042  23 00 00                                           LSL R1
000000C9/00000043  94 30 00                                           LI R4:12,B0
000000CC/00000044  BE 52 00                                           LD DD,R5,BR0:R4:0
000000CF/00000045  A2 04 00                                           ADD R5:R1
000000D2/00000046  FE D6 00                                           LD DD,R7,BR0:R5:1
000000D5/00000047  D6 1C 00                                           MOV R6,R7
000000D8/00000048  92 10 00                                           XOR R4:R4
000000DB/00000049  94 0F 00                                           LI R4:3,B3
000000DE/0000004A  CA 10 00                                           AND R6:R4
000000E1/0000004B  7C 80 00                                           IN R3,P1
000000E4/0000004C  6A 10 00                                           AND R3:R4
000000E7/0000004D  7D 18 00                                           CMP R3:R6
000000EA/0000004E  61 D3 01                                           JMP AGB,OFFSET ERROR_1A
000000ED/0000004F  12 00 00                                           XOR R0:R0
000000F0/00000050  14 33 00                                           LI R0:0CH,B3
000000F3/00000051  D6 1C 00                                           MOV R6,R7
000000F6/00000052  CA 00 00                                           AND R6:R0
000000F9/00000053  14 13 00                                           LI R0:4,B3
000000FC/00000054  1D 18 00                                           CMP R0:R6
000000FF/00000055  81 AF 00                                           JMP AEB,OFFSET PROCEDURECALL
00000102/00000056  CE 18 00                                           OR R6:R6
00000105/00000057  21 D6 01                                           JMP ZF,OFFSET ERROR_22
00000108/00000058  12 00 00                                           XOR R0:R0
0000010B/00000059  92 10 00                                           XOR R4:R4
0000010E/0000005A  14 70 00                                           LI R0:28,B0
00000111/0000005B  94 13 00                                           LI R4:4,B3
00000114/0000005C  D6 1C 00                                           MOV R6,R7
00000117/0000005D  CA 10 00                                           AND R6:R4
0000011A/0000005E  21 60 00                                           JMP ZF,OFFSET SETMESSAGETOQUEUE
0000011D/0000005F  14 A0 00                                           LI R0:40,B0
 
SETMESSAGETOQUEUE:
00000120/00000060  3E 42 00                                           LD DD,R1,BR0:R0:0
00000123/00000061  5E A2 00                                           LD DW,R2,BR0:R0:1
00000126/00000062  7E 42 01                                           LD DD,R3,BR0:R0:2
00000129/00000063  54 02 00                                           LI R2:0,B2
0000012C/00000064  54 03 00                                           LI R2:0,B3
0000012F/00000065  96 0C 00                                           MOV R4,R3
00000132/00000066  97 01 00                                           OSR R4
00000135/00000067  97 01 00                                           OSR R4
00000138/00000068  74 02 00                                           LI R3:0,B2
0000013B/00000069  74 03 00                                           LI R3:0,B3
0000013E/0000006A  15 00 00                                           CLC
00000141/0000006B  00 28 00                                           ADDI R0:10,B0
00000144/0000006C  9D 0C 00                                           CMP R4:R3
00000147/0000006D  81 75 00                                           JMP AEB,OFFSET QUEUEREADYTOWRITE
0000014A/0000006E  6E 0C 00                                           OR R3:R3
0000014D/0000006F  C1 71 00                                           JMP NZF,OFFSET TESTPTRCONTINUE
00000150/00000070  76 08 00                                           MOV R3,R2
 
TESTPTRCONTINUE:
00000153/00000071  15 00 00                                           CLC
00000156/00000072  64 04 00                                           SUBI R3:1,B0
00000159/00000073  9D 0C 00                                           CMP R4:R3
0000015C/00000074  81 D9 01                                           JMP AEB,OFFSET ERROR_2A
 
QUEUEREADYTOWRITE:
0000015F/00000075  D6 10 00                                           MOV R6,R4
00000162/00000076  D3 00 00                                           DSL R6
00000165/00000077  D3 00 00                                           DSL R6
00000168/00000078  22 18 00                                           ADD R1:R6
0000016B/00000079  DE 56 00                                           LD DD,R6,BR0:R5:0
0000016E/0000007A  DA 46 00                                           ST DD,BR0:R1:0,R6
00000171/0000007B  FA C6 00                                           ST DD,BR0:R1:1,R7
00000174/0000007C  D2 18 00                                           XOR R6:R6
00000177/0000007D  D4 24 00                                           LI R6:9,B0
0000017A/0000007E  D8 40 00                                           OUT P0,R6
0000017D/0000007F  D2 18 00                                           XOR R6:R6
00000180/00000080  DC 40 00                                           IN R6,P0
00000183/00000081  DA 46 01                                           ST DD,BR0:R1:2,R6
00000186/00000082  DC 00 01                                           IN R6,P2
00000189/00000083  DA C6 01                                           ST DD,BR0:R1:3,R6
0000018C/00000084  80 04 00                                           ADDI R4:1,B0
0000018F/00000085  5D 10 00                                           CMP R2:R4
00000192/00000086  61 88 00                                           JMP AGB,OFFSET MODIFYWPTR
00000195/00000087  92 10 00                                           XOR R4:R4
 
MODIFYWPTR:
00000198/00000088  9A 22 00                                           ST DW,BR0:R0:0,R4
0000019B/00000089  9C 80 00                                           IN R4,P1
0000019E/0000008A  94 03 00                                           LI R4:0,B3
000001A1/0000008B  BC 10 00                                           IN R5,BR1L
000001A4/0000008C  D2 18 00                                           XOR R6:R6
000001A7/0000008D  D4 3C 00                                           LI R6:0FH,B0
000001AA/0000008E  D8 40 00                                           OUT P0,R6
000001AD/0000008F  92 14 00                                           XOR R4:R5
000001B0/00000090  21 9C 00                                           JMP ZF,OFFSET CHECKBREAKCURRENTPROCESS
000001B3/00000091  DC 40 00                                           IN R6,P0
000001B6/00000092  D4 00 00                                           LI R6:0,B0
000001B9/00000093  D4 01 00                                           LI R6:0,B1
000001BC/00000094  D4 02 00                                           LI R6:0,B2
000001BF/00000095  92 18 00                                           XOR R4:R6
000001C2/00000096  21 9C 00                                           JMP ZF,OFFSET CHECKBREAKCURRENTPROCESS
 
CONTINUEEXECUTION:
000001C5/00000097  92 10 00                                           XOR R4:R4
000001C8/00000098  94 40 00                                           LI R4:10H,B0
000001CB/00000099  98 40 00                                           OUT P0,R4
000001CE/0000009A  0D 00 00                                           NOP
000001D1/0000009B  11 00 00                                           INT
 
CHECKBREAKCURRENTPROCESS:
000001D4/0000009C  9C 00 01                                           IN R4,P2
000001D7/0000009D  94 00 00                                           LI R4:0,B0
000001DA/0000009E  94 01 00                                           LI R4:0,B1
000001DD/0000009F  94 02 00                                           LI R4:0,B2
000001E0/000000A0  88 1F 00                                           ANDI R4:7,B3
000001E3/000000A1  21 AA 00                                           JMP ZF,OFFSET SEND_QC_REQUESTTO_CC
000001E6/000000A2  90 17 00                                           XORI R4:5,B3
000001E9/000000A3  C1 97 00                                           JMP NZF,OFFSET CONTINUEEXECUTION
000001EC/000000A4  F4 00 00                                           LI R7:0,B0
000001EF/000000A5  F4 01 00                                           LI R7:0,B1
000001F2/000000A6  F4 02 00                                           LI R7:0,B2
000001F5/000000A7  E8 33 00                                           ANDI R7:0CH,B3
000001F8/000000A8  F0 23 00                                           XORI R7:08H,B3
000001FB/000000A9  C1 97 00                                           JMP NZF,OFFSET CONTINUEEXECUTION
 
SEND_QC_REQUESTTO_CC:
000001FE/000000AA  12 00 00                                           XOR R0:R0
00000201/000000AB  14 41 00                                           LI R0:10H,B1
00000204/000000AC  18 40 00                                           OUT P0,R0
00000207/000000AD  0D 00 00                                           NOP
0000020A/000000AE  11 00 00                                           INT
 
PROCEDURECALL:
0000020D/000000AF  12 00 00                                           XOR R0:R0
00000210/000000B0  14 21 00                                           LI R0:08H,B1
00000213/000000B1  18 40 00                                           OUT P0,R0
 
PCALL1:
00000216/000000B2  0D 00 00                                           NOP
00000219/000000B3  E1 B2 00                                           JMP EF,OFFSET PCALL1
0000021C/000000B4  12 00 00                                           XOR R0:R0
0000021F/000000B5  14 24 00                                           LI R0:9,B0
00000222/000000B6  18 40 00                                           OUT P0,R0
00000225/000000B7  14 20 00                                           LI R0:8,B0
00000228/000000B8  3C 40 00                                           IN R1,P0
0000022B/000000B9  18 40 00                                           OUT P0,R0
0000022E/000000BA  DE 56 00                                           LD DD,R6,BR0:R5:0
00000231/000000BB  D8 80 00                                           OUT P1,R6
00000234/000000BC  F8 80 00                                           OUT P1,R7
00000237/000000BD  38 80 00                                           OUT P1,R1
0000023A/000000BE  0D 00 00                                           NOP
0000023D/000000BF  11 00 00                                           INT
 
EXCEPTIONREQUEST:
00000240/000000C0  32 04 00                                           XOR R1:R1
00000243/000000C1  34 04 00                                           LI R1:1,B0
00000246/000000C2  C1 CC 00                                           JMP NZF,OFFSET HWIPROCESSING
 
BKPTREQUEST:
00000249/000000C3  32 04 00                                           XOR R1:R1
0000024C/000000C4  34 08 00                                           LI R1:2,B0
0000024F/000000C5  34 03 02                                           LI R1:80H,B3
00000252/000000C6  C1 CC 00                                           JMP NZF,OFFSET HWIPROCESSING
 
INTERRUPTREQUEST:
00000255/000000C7  32 04 00                                           XOR R1:R1
00000258/000000C8  34 28 00                                           LI R1:0AH,B0
0000025B/000000C9  38 40 00                                           OUT P0,R1
0000025E/000000CA  0D 00 00                                           NOP
00000261/000000CB  3C 40 00                                           IN R1,P0
 
HWIPROCESSING:
00000264/000000CC  2E 04 00                                           OR R1:R1
00000267/000000CD  C1 D3 00                                           JMP NZF,OFFSET HWIP1
 
HWIPRESTART:
0000026A/000000CE  92 10 00                                           XOR R4:R4
0000026D/000000CF  94 01 02                                           LI R4:80H,B1
00000270/000000D0  98 40 00                                           OUT P0,R4
00000273/000000D1  0D 00 00                                           NOP
00000276/000000D2  11 00 00                                           INT
 
HWIP1:
00000279/000000D3  B2 14 00                                           XOR R5:R5
0000027C/000000D4  B4 03 02                                           LI R5:80H,B3
0000027F/000000D5  AA 04 00                                           AND R5:R1
00000282/000000D6  34 03 00                                           LI R1:0,B3
00000285/000000D7  52 08 00                                           XOR R2:R2
00000288/000000D8  54 80 00                                           LI R2:20H,B0
0000028B/000000D9  58 40 00                                           OUT P0,R2
0000028E/000000DA  54 2C 00                                           LI R2:0BH,B0
00000291/000000DB  58 40 00                                           OUT P0,R2
00000294/000000DC  5C 00 02                                           IN R2,P3
00000297/000000DD  1C 40 00                                           IN R0,P0
0000029A/000000DE  0E 00 00                                           OR R0:R0
0000029D/000000DF  21 BE 01                                           JMP ZF,OFFSET TOTALHALT
000002A0/000000E0  72 0C 00                                           XOR R3:R3
000002A3/000000E1  74 08 00                                           LI R3:2,B0
000002A6/000000E2  5D 0C 00                                           CMP R2:R3
000002A9/000000E3  A1 BE 01                                           JMP ALB,OFFSET TOTALHALT
000002AC/000000E4  15 00 00                                           CLC
000002AF/000000E5  44 04 00                                           SUBI R2:1,B0
000002B2/000000E6  3D 08 00                                           CMP R1:R2
000002B5/000000E7  61 DC 01                                           JMP AGB,OFFSET INTRERROR_32
000002B8/000000E8  05 C3 01                                           CALL OFFSET SETOBJECTBASE
000002BB/000000E9  16 04 00                                           MOV R0,R1
000002BE/000000EA  13 00 00                                           DSL R0
000002C1/000000EB  03 00 00                                           LSL R0
000002C4/000000EC  5E 42 00                                           LD DD,R2,BR0:R0:0
000002C7/000000ED  7E C2 00                                           LD DD,R3,BR0:R0:1
000002CA/000000EE  12 00 00                                           XOR R0:R0
000002CD/000000EF  14 3C 00                                           LI R0:0FH,B0
000002D0/000000F0  18 40 00                                           OUT P0,R0
000002D3/000000F1  54 03 00                                           LI R2:0,B3
000002D6/000000F2  1C 40 00                                           IN R0,P0
000002D9/000000F3  14 03 00                                           LI R0:0,B3
000002DC/000000F4  5D 00 00                                           CMP R2:R0
000002DF/000000F5  A1 FC 00                                           JMP ALB,OFFSET HWIP2
 
HWI_CHECKERROR:
000002E2/000000F6  12 00 00                                           XOR R0:R0
000002E5/000000F7  14 04 00                                           LI R0:1,B0
000002E8/000000F8  12 04 00                                           XOR R0:R1
000002EB/000000F9  21 BE 01                                           JMP ZF,OFFSET TOTALHALT
000002EE/000000FA  19 00 00                                           STC
000002F1/000000FB  01 DF 01                                           JMP CF,OFFSET INTRERROR_33
 
HWIP2:
000002F4/000000FC  16 08 00                                           MOV R0,R2
000002F7/000000FD  AE 08 00                                           OR R5:R2
000002FA/000000FE  05 C3 01                                           CALL OFFSET SETOBJECTBASE
000002FD/000000FF  54 00 00                                           LI R2:0,B0
00000300/00000100  54 01 00                                           LI R2:0,B1
00000303/00000101  54 02 00                                           LI R2:0,B2
00000306/00000102  48 CF 00                                           ANDI R2:33H,B3
00000309/00000103  50 CB 00                                           XORI R2:32H,B3
0000030C/00000104  C1 F6 00                                           JMP NZF,OFFSET HWI_CHECKERROR
0000030F/00000105  12 00 00                                           XOR R0:R0
00000312/00000106  14 40 00                                           LI R0:16,B0
00000315/00000107  52 08 00                                           XOR R2:R2
00000318/00000108  5E 22 00                                           LD DW,R2,BR0:R0:0
0000031B/00000109  7D 08 00                                           CMP R3:R2
0000031E/0000010A  61 F6 00                                           JMP AGB,OFFSET HWI_CHECKERROR
00000321/0000010B  81 F6 00                                           JMP AEB,OFFSET HWI_CHECKERROR
00000324/0000010C  14 30 00                                           LI R0:12,B0
00000327/0000010D  1E 42 00                                           LD DD,R0,BR0:R0:0
0000032A/0000010E  73 00 00                                           DSL R3
0000032D/0000010F  63 00 00                                           LSL R3
00000330/00000110  02 0C 00                                           ADD R0:R3
00000333/00000111  5E 42 00                                           LD DD,R2,BR0:R0:0
00000336/00000112  7E C2 00                                           LD DD,R3,BR0:R0:1
00000339/00000113  92 10 00                                           XOR R4:R4
0000033C/00000114  94 33 00                                           LI R4:0CH,B3
0000033F/00000115  8A 0C 00                                           AND R4:R3
00000342/00000116  21 1D 01                                           JMP ZF,OFFSET HWIP3
00000345/00000117  92 10 00                                           XOR R4:R4
00000348/00000118  94 04 00                                           LI R4:1,B0
0000034B/00000119  92 04 00                                           XOR R4:R1
0000034E/0000011A  21 BE 01                                           JMP ZF,OFFSET TOTALHALT
00000351/0000011B  19 00 00                                           STC
00000354/0000011C  01 E2 01                                           JMP CF,OFFSET INTRERROR_34
 
HWIP3:
00000357/0000011D  92 10 00                                           XOR R4:R4
0000035A/0000011E  94 21 00                                           LI R4:08H,B1
0000035D/0000011F  98 40 00                                           OUT P0,R4
 
HWIP4:
00000360/00000120  0D 00 00                                           NOP
00000363/00000121  E1 20 01                                           JMP EF,OFFSET HWIP4
00000366/00000122  92 10 00                                           XOR R4:R4
00000369/00000123  94 20 00                                           LI R4:8,B0
0000036C/00000124  98 40 00                                           OUT P0,R4
0000036F/00000125  58 80 00                                           OUT P1,R2
00000372/00000126  78 80 00                                           OUT P1,R3
00000375/00000127  B8 80 00                                           OUT P1,R5
00000378/00000128  0D 00 00                                           NOP
0000037B/00000129  11 00 00                                           INT
 
REQUESTFROMNETWORK:
0000037E/0000012A  12 00 00                                           XOR R0:R0
00000381/0000012B  14 38 00                                           LI R0:0EH,B0
00000384/0000012C  18 40 00                                           OUT P0,R0
00000387/0000012D  0E 00 00                                           OR R0:R0
0000038A/0000012E  1C 40 00                                           IN R0,P0
0000038D/0000012F  36 00 00                                           MOV R1,R0
00000390/00000130  5C 40 00                                           IN R2,P0
00000393/00000131  14 03 00                                           LI R0:0,B3
00000396/00000132  54 03 00                                           LI R2:0,B3
00000399/00000133  0E 00 00                                           OR R0:R0
0000039C/00000134  21 FD 01                                           JMP ZF,OFFSET RETURN_03
0000039F/00000135  1D 08 00                                           CMP R0:R2
000003A2/00000136  61 FD 01                                           JMP AGB,OFFSET RETURN_03
000003A5/00000137  81 FD 01                                           JMP AEB,OFFSET RETURN_03
000003A8/00000138  05 C3 01                                           CALL OFFSET SETOBJECTBASE
000003AB/00000139  54 00 00                                           LI R2:0,B0
000003AE/0000013A  54 01 00                                           LI R2:0,B1
000003B1/0000013B  54 02 00                                           LI R2:0,B2
000003B4/0000013C  48 CF 00                                           ANDI R2:33H,B3
000003B7/0000013D  50 CB 00                                           XORI R2:32H,B3
000003BA/0000013E  C1 FD 01                                           JMP NZF,OFFSET RETURN_03
000003BD/0000013F  12 00 00                                           XOR R0:R0
000003C0/00000140  14 40 00                                           LI R0:16,B0
000003C3/00000141  72 0C 00                                           XOR R3:R3
000003C6/00000142  74 34 00                                           LI R3:0DH,B0
000003C9/00000143  78 40 00                                           OUT P0,R3
000003CC/00000144  52 08 00                                           XOR R2:R2
000003CF/00000145  5E 22 00                                           LD DW,R2,BR0:R0:0
000003D2/00000146  7C 40 00                                           IN R3,P0
000003D5/00000147  96 0C 00                                           MOV R4,R3
000003D8/00000148  74 02 00                                           LI R3:0,B2
000003DB/00000149  74 03 00                                           LI R3:0,B3
000003DE/0000014A  7D 08 00                                           CMP R3:R2
000003E1/0000014B  61 00 02                                           JMP AGB,OFFSET RETURN_07
000003E4/0000014C  81 00 02                                           JMP AEB,OFFSET RETURN_07
000003E7/0000014D  14 30 00                                           LI R0:12,B0
000003EA/0000014E  1E 42 00                                           LD DD,R0,BR0:R0:0
000003ED/0000014F  73 00 00                                           DSL R3
000003F0/00000150  63 00 00                                           LSL R3
000003F3/00000151  02 0C 00                                           ADD R0:R3
000003F6/00000152  5E C2 00                                           LD DD,R2,BR0:R0:1
000003F9/00000153  76 08 00                                           MOV R3,R2
000003FC/00000154  54 00 00                                           LI R2:0,B0
000003FF/00000155  54 01 00                                           LI R2:0,B1
00000402/00000156  54 02 00                                           LI R2:0,B2
00000405/00000157  48 23 00                                           ANDI R2:08H,B3
00000408/00000158  50 23 00                                           XORI R2:08H,B3
0000040B/00000159  C1 03 02                                           JMP NZF,OFFSET RETURN_0B
0000040E/0000015A  56 0C 00                                           MOV R2,R3
00000411/0000015B  54 00 00                                           LI R2:0,B0
00000414/0000015C  54 01 00                                           LI R2:0,B1
00000417/0000015D  54 02 00                                           LI R2:0,B2
0000041A/0000015E  48 0F 00                                           ANDI R2:03H,B3
0000041D/0000015F  96 04 00                                           MOV R4,R1
00000420/00000160  94 00 00                                           LI R4:0,B0
00000423/00000161  94 01 00                                           LI R4:0,B1
00000426/00000162  94 02 00                                           LI R4:0,B2
00000429/00000163  88 0F 00                                           ANDI R4:03H,B3
0000042C/00000164  9D 08 00                                           CMP R4:R2
0000042F/00000165  61 06 02                                           JMP AGB,OFFSET RETURN_0F
00000432/00000166  52 08 00                                           XOR R2:R2
00000435/00000167  54 A0 00                                           LI R2:40,B0
00000438/00000168  7D 40 03                                           BT R3:26
0000043B/00000169  01 6B 01                                           JMP CF,OFFSET RFN1
0000043E/0000016A  54 70 00                                           LI R2:28,B0
 
RFN1:
00000441/0000016B  BE 4A 00                                           LD DD,R5,BR0:R2:0
00000444/0000016C  D2 18 00                                           XOR R6:R6
00000447/0000016D  DE AA 00                                           LD DW,R6,BR0:R2:1
0000044A/0000016E  FE 4A 01                                           LD DD,R7,BR0:R2:2
0000044D/0000016F  36 1C 00                                           MOV R1,R7
00000450/00000170  37 00 00                                           DSR R1
00000453/00000171  37 00 00                                           DSR R1
00000456/00000172  37 00 00                                           DSR R1
00000459/00000173  37 00 00                                           DSR R1
0000045C/00000174  37 00 00                                           DSR R1
0000045F/00000175  37 00 00                                           DSR R1
00000462/00000176  37 00 00                                           DSR R1
00000465/00000177  37 00 00                                           DSR R1
00000468/00000178  F4 02 00                                           LI R7:0,B2
0000046B/00000179  F4 03 00                                           LI R7:0,B3
0000046E/0000017A  15 00 00                                           CLC
00000471/0000017B  40 28 00                                           ADDI R2:10,B0
00000474/0000017C  3D 1C 00                                           CMP R1:R7
00000477/0000017D  81 85 01                                           JMP AEB,OFFSET NETWORKQUEUEREADYTOWRITE
0000047A/0000017E  EE 1C 00                                           OR R7:R7
0000047D/0000017F  C1 81 01                                           JMP NZF,OFFSET NETWORKTESTPTRCONTINUE
00000480/00000180  F6 18 00                                           MOV R7,R6
 
NETWORKTESTPTRCONTINUE:
00000483/00000181  15 00 00                                           CLC
00000486/00000182  E4 04 00                                           SUBI R7:1,B0
00000489/00000183  3D 1C 00                                           CMP R1:R7
0000048C/00000184  81 09 02                                           JMP AEB,OFFSET RETURN_13
 
NETWORKQUEUEREADYTOWRITE:
0000048F/00000185  96 04 00                                           MOV R4,R1
00000492/00000186  93 00 00                                           DSL R4
00000495/00000187  93 00 00                                           DSL R4
00000498/00000188  A2 10 00                                           ADD R5:R4
0000049B/00000189  1E 42 00                                           LD DD,R0,BR0:R0:0
0000049E/0000018A  1A 56 00                                           ST DD,BR0:R5:0,R0
000004A1/0000018B  7A D6 00                                           ST DD,BR0:R5:1,R3
000004A4/0000018C  12 00 00                                           XOR R0:R0
000004A7/0000018D  14 30 00                                           LI R0:0CH,B0
000004AA/0000018E  18 40 00                                           OUT P0,R0
000004AD/0000018F  12 00 00                                           XOR R0:R0
000004B0/00000190  1C 40 00                                           IN R0,P0
000004B3/00000191  1A 56 01                                           ST DD,BR0:R5:2,R0
000004B6/00000192  1C 40 00                                           IN R0,P0
000004B9/00000193  17 01 00                                           OSR R0
000004BC/00000194  17 01 00                                           OSR R0
000004BF/00000195  9C 40 00                                           IN R4,P0
000004C2/00000196  F6 10 00                                           MOV R7,R4
000004C5/00000197  94 00 00                                           LI R4:0,B0
000004C8/00000198  94 01 00                                           LI R4:0,B1
000004CB/00000199  94 02 00                                           LI R4:0,B2
000004CE/0000019A  97 00 00                                           DSR R4
000004D1/0000019B  97 00 00                                           DSR R4
000004D4/0000019C  97 00 00                                           DSR R4
000004D7/0000019D  0E 10 00                                           OR R0:R4
000004DA/0000019E  0C C2 03                                           ORI R0:0F0H,B2
000004DD/0000019F  1A D6 01                                           ST DD,BR0:R5:3,R0
000004E0/000001A0  20 04 00                                           ADDI R1:1,B0
000004E3/000001A1  DD 04 00                                           CMP R6:R1
000004E6/000001A2  61 A4 01                                           JMP AGB,OFFSET NETWORKMODIFYWPTR
000004E9/000001A3  32 04 00                                           XOR R1:R1
 
NETWORKMODIFYWPTR:
000004EC/000001A4  3A 2A 00                                           ST DW,BR0:R2:0,R1
000004EF/000001A5  F4 03 00                                           LI R7:0,B3
000004F2/000001A6  1C 80 00                                           IN R0,P1
000004F5/000001A7  14 03 00                                           LI R0:0,B3
000004F8/000001A8  12 1C 00                                           XOR R0:R7
000004FB/000001A9  C1 0C 02                                           JMP NZF,OFFSET RETURN_OK
000004FE/000001AA  1C 00 01                                           IN R0,P2
00000501/000001AB  14 00 00                                           LI R0:0,B0
00000504/000001AC  14 01 00                                           LI R0:0,B1
00000507/000001AD  14 02 00                                           LI R0:0,B2
0000050A/000001AE  08 1F 00                                           ANDI R0:7,B3
0000050D/000001AF  21 B9 01                                           JMP ZF,OFFSET NETWORK_SEND_QC_REQUESTTO_CC
00000510/000001B0  10 17 00                                           XORI R0:5,B3
00000513/000001B1  C1 0C 02                                           JMP NZF,OFFSET RETURN_OK
00000516/000001B2  74 00 00                                           LI R3:0,B0
00000519/000001B3  74 01 00                                           LI R3:0,B1
0000051C/000001B4  74 02 00                                           LI R3:0,B2
0000051F/000001B5  68 33 00                                           ANDI R3:0CH,B3
00000522/000001B6  70 23 00                                           XORI R3:08H,B3
00000525/000001B7  21 B9 01                                           JMP ZF,OFFSET NETWORK_SEND_QC_REQUESTTO_CC
00000528/000001B8  C1 0C 02                                           JMP NZF,OFFSET RETURN_OK
 
NETWORK_SEND_QC_REQUESTTO_CC:
0000052B/000001B9  12 00 00                                           XOR R0:R0
0000052E/000001BA  14 41 00                                           LI R0:10H,B1
00000531/000001BB  18 40 00                                           OUT P0,R0
00000534/000001BC  19 00 00                                           STC
00000537/000001BD  01 0C 02                                           JMP CF,OFFSET RETURN_OK
 
TOTALHALT:
0000053A/000001BE  12 00 00                                           XOR R0:R0
0000053D/000001BF  14 00 02                                           LI R0:80H,B0
00000540/000001C0  18 40 00                                           OUT P0,R0
 
TH_CYCLE:
00000543/000001C1  19 00 00                                           STC
00000546/000001C2  01 C1 01                                           JMP CF,OFFSET TH_CYCLE
 
SETOBJECTBASE:
00000549/000001C3  1B 00 00                                           SSL R0
0000054C/000001C4  5E 40 00                                           LD DD,R2,BASE0:R0:0
0000054F/000001C5  58 04 00                                           OUT BR0L,R2
00000552/000001C6  5E C0 00                                           LD DD,R2,BASE0:R0:1
00000555/000001C7  58 08 00                                           OUT BR0H,R2
00000558/000001C8  09 00 00                                           RET
 
ERROR_02:
0000055B/000001C9  56 00 00                                           MOV R2,R0
0000055E/000001CA  14 0B 00                                           LI R0:02H,B3
00000561/000001CB  19 00 00                                           STC
00000564/000001CC  01 E5 01                                           JMP CF,OFFSET ERRORGENERATE
 
ERROR_0A:
00000567/000001CD  14 2B 00                                           LI R0:0AH,B3
0000056A/000001CE  19 00 00                                           STC
0000056D/000001CF  01 E5 01                                           JMP CF,OFFSET ERRORGENERATE
 
ERROR_12:
00000570/000001D0  14 4B 00                                           LI R0:12H,B3
00000573/000001D1  19 00 00                                           STC
00000576/000001D2  01 E5 01                                           JMP CF,OFFSET ERRORGENERATE
 
ERROR_1A:
00000579/000001D3  14 6B 00                                           LI R0:1AH,B3
0000057C/000001D4  19 00 00                                           STC
0000057F/000001D5  01 E5 01                                           JMP CF,OFFSET ERRORGENERATE
 
ERROR_22:
00000582/000001D6  14 8B 00                                           LI R0:22H,B3
00000585/000001D7  19 00 00                                           STC
00000588/000001D8  01 E5 01                                           JMP CF,OFFSET ERRORGENERATE
 
ERROR_2A:
0000058B/000001D9  14 AB 00                                           LI R0:2AH,B3
0000058E/000001DA  19 00 00                                           STC
00000591/000001DB  01 E5 01                                           JMP CF,OFFSET ERRORGENERATE
 
INTRERROR_32:
00000594/000001DC  14 CB 00                                           LI R0:32H,B3
00000597/000001DD  19 00 00                                           STC
0000059A/000001DE  01 F2 01                                           JMP CF,OFFSET INTERRUPTERRORGENERATE
 
INTRERROR_33:
0000059D/000001DF  14 CF 00                                           LI R0:33H,B3
000005A0/000001E0  19 00 00                                           STC
000005A3/000001E1  01 F2 01                                           JMP CF,OFFSET INTERRUPTERRORGENERATE
 
INTRERROR_34:
000005A6/000001E2  14 D3 00                                           LI R0:34H,B3
000005A9/000001E3  19 00 00                                           STC
000005AC/000001E4  01 F2 01                                           JMP CF,OFFSET INTERRUPTERRORGENERATE
 
ERRORGENERATE:
000005AF/000001E5  14 00 00                                           LI R0:0,B0
000005B2/000001E6  14 01 00                                           LI R0:0,B1
000005B5/000001E7  14 02 00                                           LI R0:0,B2
000005B8/000001E8  3C 80 00                                           IN R1,P1
000005BB/000001E9  34 03 00                                           LI R1:0,B3
000005BE/000001EA  0E 04 00                                           OR R0:R1
000005C1/000001EB  32 04 00                                           XOR R1:R1
000005C4/000001EC  34 F8 00                                           LI R1:3EH,B0
000005C7/000001ED  38 40 00                                           OUT P0,R1
000005CA/000001EE  58 80 00                                           OUT P1,R2
000005CD/000001EF  18 80 00                                           OUT P1,R0
000005D0/000001F0  0D 00 00                                           NOP
000005D3/000001F1  11 00 00                                           INT
 
INTERRUPTERRORGENERATE:
000005D6/000001F2  52 08 00                                           XOR R2:R2
000005D9/000001F3  54 38 00                                           LI R2:0EH,B0
000005DC/000001F4  54 01 02                                           LI R2:80H,B1
000005DF/000001F5  58 40 00                                           OUT P0,R2
000005E2/000001F6  14 00 00                                           LI R0:0,B0
000005E5/000001F7  14 01 00                                           LI R0:0,B1
000005E8/000001F8  14 02 00                                           LI R0:0,B2
000005EB/000001F9  38 80 00                                           OUT P1,R1
000005EE/000001FA  18 80 00                                           OUT P1,R0
000005F1/000001FB  0D 00 00                                           NOP
000005F4/000001FC  11 00 00                                           INT
 
RETURN_03:
000005F7/000001FD  14 0C 00                                           LI R0:03H,B0
000005FA/000001FE  19 00 00                                           STC
000005FD/000001FF  01 0D 02                                           JMP CF,OFFSET ERRORREPORT
 
RETURN_07:
00000600/00000200  14 1C 00                                           LI R0:07H,B0
00000603/00000201  19 00 00                                           STC
00000606/00000202  01 0D 02                                           JMP CF,OFFSET ERRORREPORT
 
RETURN_0B:
00000609/00000203  14 2C 00                                           LI R0:0BH,B0
0000060C/00000204  19 00 00                                           STC
0000060F/00000205  01 0D 02                                           JMP CF,OFFSET ERRORREPORT
 
RETURN_0F:
00000612/00000206  14 3C 00                                           LI R0:0FH,B0
00000615/00000207  19 00 00                                           STC
00000618/00000208  01 0D 02                                           JMP CF,OFFSET ERRORREPORT
 
RETURN_13:
0000061B/00000209  14 4C 00                                           LI R0:13H,B0
0000061E/0000020A  19 00 00                                           STC
00000621/0000020B  01 0D 02                                           JMP CF,OFFSET ERRORREPORT
 
RETURN_OK:
00000624/0000020C  12 00 00                                           XOR R0:R0
 
ERRORREPORT:
00000627/0000020D  32 04 00                                           XOR R1:R1
0000062A/0000020E  34 25 00                                           LI R1:09H,B1
0000062D/0000020F  38 40 00                                           OUT P0,R1
 
EREP:
00000630/00000210  0D 00 00                                           NOP
00000633/00000211  E1 10 02                                           JMP EF,OFFSET EREP
00000636/00000212  18 00 01                                           OUT P2,R0
00000639/00000213  12 00 00                                           XOR R0:R0
0000063C/00000214  14 00 01                                           LI R0:40H,B0
0000063F/00000215  18 40 00                                           OUT P0,R0
00000642/00000216  0D 00 00                                           NOP
00000645/00000217  11 00 00                                           INT
00000648/00000218  00 00 00 00 00 00 00 00 00 00 00 00 00 00 00 00   ORG 17D0H
                    00 00 00 00 00 00 00 00 00 00 00 00 00 00 00 00   
                    00 00 00 00 00 00 00 00 00 00 00 00 00 00 00 00   
                    00 00 00 00 00 00 00 00 00 00 00 00 00 00 00 00   
                    00 00 00 00 00 00 00 00 00 00 00 00 00 00 00 00   
                    00 00 00 00 00 00 00 00 00 00 00 00 00 00 00 00   
                    00 00 00 00 00 00 00 00 00 00 00 00 00 00 00 00   
                    00 00 00 00 00 00 00 00 00 00 00 00 00 00 00 00   
                    00 00 00 00 00 00 00 00 00 00 00 00 00 00 00 00   
                    00 00 00 00 00 00 00 00 00 00 00 00 00 00 00 00   
                    00 00 00 00 00 00 00 00 00 00 00 00 00 00 00 00   
                    00 00 00 00 00 00 00 00 00 00 00 00 00 00 00 00   
                    00 00 00 00 00 00 00 00 00 00 00 00 00 00 00 00   
                    00 00 00 00 00 00 00 00 00 00 00 00 00 00 00 00   
                    00 00 00 00 00 00 00 00 00 00 00 00 00 00 00 00   
                    00 00 00 00 00 00 00 00 00 00 00 00 00 00 00 00   
                    00 00 00 00 00 00 00 00 00 00 00 00 00 00 00 00   
                    00 00 00 00 00 00 00 00 00 00 00 00 00 00 00 00   
                    00 00 00 00 00 00 00 00 00 00 00 00 00 00 00 00   
                    00 00 00 00 00 00 00 00 00 00 00 00 00 00 00 00   
                    00 00 00 00 00 00 00 00 00 00 00 00 00 00 00 00   
                    00 00 00 00 00 00 00 00 00 00 00 00 00 00 00 00   
                    00 00 00 00 00 00 00 00 00 00 00 00 00 00 00 00   
                    00 00 00 00 00 00 00 00 00 00 00 00 00 00 00 00   
                    00 00 00 00 00 00 00 00 00 00 00 00 00 00 00 00   
                    00 00 00 00 00 00 00 00 00 00 00 00 00 00 00 00   
                    00 00 00 00 00 00 00 00 00 00 00 00 00 00 00 00   
                    00 00 00 00 00 00 00 00 00 00 00 00 00 00 00 00   
                    00 00 00 00 00 00 00 00 00 00 00 00 00 00 00 00   
                    00 00 00 00 00 00 00 00 00 00 00 00 00 00 00 00   
                    00 00 00 00 00 00 00 00 00 00 00 00 00 00 00 00   
                    00 00 00 00 00 00 00 00 00 00 00 00 00 00 00 00   
                    00 00 00 00 00 00 00 00 00 00 00 00 00 00 00 00   
                    00 00 00 00 00 00 00 00 00 00 00 00 00 00 00 00   
                    00 00 00 00 00 00 00 00 00 00 00 00 00 00 00 00   
                    00 00 00 00 00 00 00 00 00 00 00 00 00 00 00 00   
                    00 00 00 00 00 00 00 00 00 00 00 00 00 00 00 00   
                    00 00 00 00 00 00 00 00 00 00 00 00 00 00 00 00   
                    00 00 00 00 00 00 00 00 00 00 00 00 00 00 00 00   
                    00 00 00 00 00 00 00 00 00 00 00 00 00 00 00 00   
                    00 00 00 00 00 00 00 00 00 00 00 00 00 00 00 00   
                    00 00 00 00 00 00 00 00 00 00 00 00 00 00 00 00   
                    00 00 00 00 00 00 00 00 00 00 00 00 00 00 00 00   
                    00 00 00 00 00 00 00 00 00 00 00 00 00 00 00 00   
                    00 00 00 00 00 00 00 00 00 00 00 00 00 00 00 00   
                    00 00 00 00 00 00 00 00 00 00 00 00 00 00 00 00   
                    00 00 00 00 00 00 00 00 00 00 00 00 00 00 00 00   
                    00 00 00 00 00 00 00 00 00 00 00 00 00 00 00 00   
                    00 00 00 00 00 00 00 00 00 00 00 00 00 00 00 00   
                    00 00 00 00 00 00 00 00 00 00 00 00 00 00 00 00   
                    00 00 00 00 00 00 00 00 00 00 00 00 00 00 00 00   
                    00 00 00 00 00 00 00 00 00 00 00 00 00 00 00 00   
                    00 00 00 00 00 00 00 00 00 00 00 00 00 00 00 00   
                    00 00 00 00 00 00 00 00 00 00 00 00 00 00 00 00   
                    00 00 00 00 00 00 00 00 00 00 00 00 00 00 00 00   
                    00 00 00 00 00 00 00 00 00 00 00 00 00 00 00 00   
                    00 00 00 00 00 00 00 00 00 00 00 00 00 00 00 00   
                    00 00 00 00 00 00 00 00 00 00 00 00 00 00 00 00   
                    00 00 00 00 00 00 00 00 00 00 00 00 00 00 00 00   
                    00 00 00 00 00 00 00 00 00 00 00 00 00 00 00 00   
                    00 00 00 00 00 00 00 00 00 00 00 00 00 00 00 00   
                    00 00 00 00 00 00 00 00 00 00 00 00 00 00 00 00   
                    00 00 00 00 00 00 00 00 00 00 00 00 00 00 00 00   
                    00 00 00 00 00 00 00 00 00 00 00 00 
00000A44/0000036C  00 00 00 00 00 00 00 00 00 00 00 00 00 00 00 00   ORG 17D0H
                    00 00 00 00 00 00 00 00 00 00 00 00 00 00 00 00   
                    00 00 00 00 00 00 00 00 00 00 00 00 00 00 00 00   
                    00 00 00 00 00 00 00 00 00 00 00 00 00 00 00 00   
                    00 00 00 00 00 00 00 00 00 00 00 00 00 00 00 00   
                    00 00 00 00 00 00 00 00 00 00 00 00 00 00 00 00   
                    00 00 00 00 00 00 00 00 00 00 00 00 00 00 00 00   
                    00 00 00 00 00 00 00 00 00 00 00 00 00 00 00 00   
                    00 00 00 00 00 00 00 00 00 00 00 00 00 00 00 00   
                    00 00 00 00 00 00 00 00 00 00 00 00 00 00 00 00   
                    00 00 00 00 00 00 00 00 00 00 00 00 00 00 00 00   
                    00 00 00 00 00 00 00 00 00 00 00 00 00 00 00 00   
                    00 00 00 00 00 00 00 00 00 00 00 00 00 00 00 00   
                    00 00 00 00 00 00 00 00 00 00 00 00 00 00 00 00   
                    00 00 00 00 00 00 00 00 00 00 00 00 00 00 00 00   
                    00 00 00 00 00 00 00 00 00 00 00 00 00 00 00 00   
                    00 00 00 00 00 00 00 00 00 00 00 00 00 00 00 00   
                    00 00 00 00 00 00 00 00 00 00 00 00 00 00 00 00   
                    00 00 00 00 00 00 00 00 00 00 00 00 00 00 00 00   
                    00 00 00 00 00 00 00 00 00 00 00 00 00 00 00 00   
                    00 00 00 00 00 00 00 00 00 00 00 00 00 00 00 00   
                    00 00 00 00 00 00 00 00 00 00 00 00 00 00 00 00   
                    00 00 00 00 00 00 00 00 00 00 00 00 00 00 00 00   
                    00 00 00 00 00 00 00 00 00 00 00 00 00 00 00 00   
                    00 00 00 00 00 00 00 00 00 00 00 00 00 00 00 00   
                    00 00 00 00 00 00 00 00 00 00 00 00 00 00 00 00   
                    00 00 00 00 00 00 00 00 00 00 00 00 00 00 00 00   
                    00 00 00 00 00 00 00 00 00 00 00 00 00 00 00 00   
                    00 00 00 00 00 00 00 00 00 00 00 00 00 00 00 00   
                    00 00 00 00 00 00 00 00 00 00 00 00 00 00 00 00   
                    00 00 00 00 00 00 00 00 00 00 00 00 00 00 00 00   
                    00 00 00 00 00 00 00 00 00 00 00 00 00 00 00 00   
                    00 00 00 00 00 00 00 00 00 00 00 00 00 00 00 00   
                    00 00 00 00 00 00 00 00 00 00 00 00 00 00 00 00   
                    00 00 00 00 00 00 00 00 00 00 00 00 00 00 00 00   
                    00 00 00 00 00 00 00 00 00 00 00 00 00 00 00 00   
                    00 00 00 00 00 00 00 00 00 00 00 00 00 00 00 00   
                    00 00 00 00 00 00 00 00 00 00 00 00 00 00 00 00   
                    00 00 00 00 00 00 00 00 00 00 00 00 00 00 00 00   
                    00 00 00 00 00 00 00 00 00 00 00 00 00 00 00 00   
                    00 00 00 00 00 00 00 00 00 00 00 00 00 00 00 00   
                    00 00 00 00 00 00 00 00 00 00 00 00 00 00 00 00   
                    00 00 00 00 00 00 00 00 00 00 00 00 00 00 00 00   
                    00 00 00 00 00 00 00 00 00 00 00 00 00 00 00 00   
                    00 00 00 00 00 00 00 00 00 00 00 00 00 00 00 00   
                    00 00 00 00 00 00 00 00 00 00 00 00 00 00 00 00   
                    00 00 00 00 00 00 00 00 00 00 00 00 00 00 00 00   
                    00 00 00 00 00 00 00 00 00 00 00 00 00 00 00 00   
                    00 00 00 00 00 00 00 00 00 00 00 00 00 00 00 00   
                    00 00 00 00 00 00 00 00 00 00 00 00 00 00 00 00   
                    00 00 00 00 00 00 00 00 00 00 00 00 00 00 00 00   
                    00 00 00 00 00 00 00 00 00 00 00 00 00 00 00 00   
                    00 00 00 00 00 00 00 00 00 00 00 00 00 00 00 00   
                    00 00 00 00 00 00 00 00 00 00 00 00 00 00 00 00   
                    00 00 00 00 00 00 00 00 00 00 00 00 00 00 00 00   
                    00 00 00 00 00 00 00 00 00 00 00 00 00 00 00 00   
                    00 00 00 00 00 00 00 00 00 00 00 00 00 00 00 00   
                    00 00 00 00 00 00 00 00 00 00 00 00 00 00 00 00   
                    00 00 00 00 00 00 00 00 00 00 00 00 00 00 00 00   
                    00 00 00 00 00 00 00 00 00 00 00 00 00 00 00 00   
                    00 00 00 00 00 00 00 00 00 00 00 00 00 00 00 00   
                    00 00 00 00 00 00 00 00 00 00 00 00 00 00 00 00   
                    00 00 00 00 00 00 00 00 00 00 00 00 00 00 00 00   
                    00 00 00 00 00 00 00 00 00 00 00 00 
00000E40/000004C0  00 00 00 00 00 00 00 00 00 00 00 00 00 00 00 00   ORG 17D0H
                    00 00 00 00 00 00 00 00 00 00 00 00 00 00 00 00   
                    00 00 00 00 00 00 00 00 00 00 00 00 00 00 00 00   
                    00 00 00 00 00 00 00 00 00 00 00 00 00 00 00 00   
                    00 00 00 00 00 00 00 00 00 00 00 00 00 00 00 00   
                    00 00 00 00 00 00 00 00 00 00 00 00 00 00 00 00   
                    00 00 00 00 00 00 00 00 00 00 00 00 00 00 00 00   
                    00 00 00 00 00 00 00 00 00 00 00 00 00 00 00 00   
                    00 00 00 00 00 00 00 00 00 00 00 00 00 00 00 00   
                    00 00 00 00 00 00 00 00 00 00 00 00 00 00 00 00   
                    00 00 00 00 00 00 00 00 00 00 00 00 00 00 00 00   
                    00 00 00 00 00 00 00 00 00 00 00 00 00 00 00 00   
                    00 00 00 00 00 00 00 00 00 00 00 00 00 00 00 00   
                    00 00 00 00 00 00 00 00 00 00 00 00 00 00 00 00   
                    00 00 00 00 00 00 00 00 00 00 00 00 00 00 00 00   
                    00 00 00 00 00 00 00 00 00 00 00 00 00 00 00 00   
                    00 00 00 00 00 00 00 00 00 00 00 00 00 00 00 00   
                    00 00 00 00 00 00 00 00 00 00 00 00 00 00 00 00   
                    00 00 00 00 00 00 00 00 00 00 00 00 00 00 00 00   
                    00 00 00 00 00 00 00 00 00 00 00 00 00 00 00 00   
                    00 00 00 00 00 00 00 00 00 00 00 00 00 00 00 00   
                    00 00 00 00 00 00 00 00 00 00 00 00 00 00 00 00   
                    00 00 00 00 00 00 00 00 00 00 00 00 00 00 00 00   
                    00 00 00 00 00 00 00 00 00 00 00 00 00 00 00 00   
                    00 00 00 00 00 00 00 00 00 00 00 00 00 00 00 00   
                    00 00 00 00 00 00 00 00 00 00 00 00 00 00 00 00   
                    00 00 00 00 00 00 00 00 00 00 00 00 00 00 00 00   
                    00 00 00 00 00 00 00 00 00 00 00 00 00 00 00 00   
                    00 00 00 00 00 00 00 00 00 00 00 00 00 00 00 00   
                    00 00 00 00 00 00 00 00 00 00 00 00 00 00 00 00   
                    00 00 00 00 00 00 00 00 00 00 00 00 00 00 00 00   
                    00 00 00 00 00 00 00 00 00 00 00 00 00 00 00 00   
                    00 00 00 00 00 00 00 00 00 00 00 00 00 00 00 00   
                    00 00 00 00 00 00 00 00 00 00 00 00 00 00 00 00   
                    00 00 00 00 00 00 00 00 00 00 00 00 00 00 00 00   
                    00 00 00 00 00 00 00 00 00 00 00 00 00 00 00 00   
                    00 00 00 00 00 00 00 00 00 00 00 00 00 00 00 00   
                    00 00 00 00 00 00 00 00 00 00 00 00 00 00 00 00   
                    00 00 00 00 00 00 00 00 00 00 00 00 00 00 00 00   
                    00 00 00 00 00 00 00 00 00 00 00 00 00 00 00 00   
                    00 00 00 00 00 00 00 00 00 00 00 00 00 00 00 00   
                    00 00 00 00 00 00 00 00 00 00 00 00 00 00 00 00   
                    00 00 00 00 00 00 00 00 00 00 00 00 00 00 00 00   
                    00 00 00 00 00 00 00 00 00 00 00 00 00 00 00 00   
                    00 00 00 00 00 00 00 00 00 00 00 00 00 00 00 00   
                    00 00 00 00 00 00 00 00 00 00 00 00 00 00 00 00   
                    00 00 00 00 00 00 00 00 00 00 00 00 00 00 00 00   
                    00 00 00 00 00 00 00 00 00 00 00 00 00 00 00 00   
                    00 00 00 00 00 00 00 00 00 00 00 00 00 00 00 00   
                    00 00 00 00 00 00 00 00 00 00 00 00 00 00 00 00   
                    00 00 00 00 00 00 00 00 00 00 00 00 00 00 00 00   
                    00 00 00 00 00 00 00 00 00 00 00 00 00 00 00 00   
                    00 00 00 00 00 00 00 00 00 00 00 00 00 00 00 00   
                    00 00 00 00 00 00 00 00 00 00 00 00 00 00 00 00   
                    00 00 00 00 00 00 00 00 00 00 00 00 00 00 00 00   
                    00 00 00 00 00 00 00 00 00 00 00 00 00 00 00 00   
                    00 00 00 00 00 00 00 00 00 00 00 00 00 00 00 00   
                    00 00 00 00 00 00 00 00 00 00 00 00 00 00 00 00   
                    00 00 00 00 00 00 00 00 00 00 00 00 00 00 00 00   
                    00 00 00 00 00 00 00 00 00 00 00 00 00 00 00 00   
                    00 00 00 00 00 00 00 00 00 00 00 00 00 00 00 00   
                    00 00 00 00 00 00 00 00 00 00 00 00 00 00 00 00   
                    00 00 00 00 00 00 00 00 00 00 00 00 00 00 00 00   
                    00 00 00 00 00 00 00 00 00 00 00 00 
0000123C/00000614  00 00 00 00 00 00 00 00 00 00 00 00 00 00 00 00   ORG 17D0H
                    00 00 00 00 00 00 00 00 00 00 00 00 00 00 00 00   
                    00 00 00 00 00 00 00 00 00 00 00 00 00 00 00 00   
                    00 00 00 00 00 00 00 00 00 00 00 00 00 00 00 00   
                    00 00 00 00 00 00 00 00 00 00 00 00 00 00 00 00   
                    00 00 00 00 00 00 00 00 00 00 00 00 00 00 00 00   
                    00 00 00 00 00 00 00 00 00 00 00 00 00 00 00 00   
                    00 00 00 00 00 00 00 00 00 00 00 00 00 00 00 00   
                    00 00 00 00 00 00 00 00 00 00 00 00 00 00 00 00   
                    00 00 00 00 00 00 00 00 00 00 00 00 00 00 00 00   
                    00 00 00 00 00 00 00 00 00 00 00 00 00 00 00 00   
                    00 00 00 00 00 00 00 00 00 00 00 00 00 00 00 00   
                    00 00 00 00 00 00 00 00 00 00 00 00 00 00 00 00   
                    00 00 00 00 00 00 00 00 00 00 00 00 00 00 00 00   
                    00 00 00 00 00 00 00 00 00 00 00 00 00 00 00 00   
                    00 00 00 00 00 00 00 00 00 00 00 00 00 00 00 00   
                    00 00 00 00 00 00 00 00 00 00 00 00 00 00 00 00   
                    00 00 00 00 00 00 00 00 00 00 00 00 00 00 00 00   
                    00 00 00 00 00 00 00 00 00 00 00 00 00 00 00 00   
                    00 00 00 00 00 00 00 00 00 00 00 00 00 00 00 00   
                    00 00 00 00 00 00 00 00 00 00 00 00 00 00 00 00   
                    00 00 00 00 00 00 00 00 00 00 00 00 00 00 00 00   
                    00 00 00 00 00 00 00 00 00 00 00 00 00 00 00 00   
                    00 00 00 00 00 00 00 00 00 00 00 00 00 00 00 00   
                    00 00 00 00 00 00 00 00 00 00 00 00 00 00 00 00   
                    00 00 00 00 00 00 00 00 00 00 00 00 00 00 00 00   
                    00 00 00 00 00 00 00 00 00 00 00 00 00 00 00 00   
                    00 00 00 00 00 00 00 00 00 00 00 00 00 00 00 00   
                    00 00 00 00 00 00 00 00 00 00 00 00 00 00 00 00   
                    00 00 00 00 00 00 00 00 00 00 00 00 00 00 00 00   
                    00 00 00 00 00 00 00 00 00 00 00 00 00 00 00 00   
                    00 00 00 00 00 00 00 00 00 00 00 00 00 00 00 00   
                    00 00 00 00 00 00 00 00 00 00 00 00 00 00 00 00   
                    00 00 00 00 00 00 00 00 00 00 00 00 00 00 00 00   
                    00 00 00 00 00 00 00 00 00 00 00 00 00 00 00 00   
                    00 00 00 00 00 00 00 00 00 00 00 00 00 00 00 00   
                    00 00 00 00 00 00 00 00 00 00 00 00 00 00 00 00   
                    00 00 00 00 00 00 00 00 00 00 00 00 00 00 00 00   
                    00 00 00 00 00 00 00 00 00 00 00 00 00 00 00 00   
                    00 00 00 00 00 00 00 00 00 00 00 00 00 00 00 00   
                    00 00 00 00 00 00 00 00 00 00 00 00 00 00 00 00   
                    00 00 00 00 00 00 00 00 00 00 00 00 00 00 00 00   
                    00 00 00 00 00 00 00 00 00 00 00 00 00 00 00 00   
                    00 00 00 00 00 00 00 00 00 00 00 00 00 00 00 00   
                    00 00 00 00 00 00 00 00 00 00 00 00 00 00 00 00   
                    00 00 00 00 00 00 00 00 00 00 00 00 00 00 00 00   
                    00 00 00 00 00 00 00 00 00 00 00 00 00 00 00 00   
                    00 00 00 00 00 00 00 00 00 00 00 00 00 00 00 00   
                    00 00 00 00 00 00 00 00 00 00 00 00 00 00 00 00   
                    00 00 00 00 00 00 00 00 00 00 00 00 00 00 00 00   
                    00 00 00 00 00 00 00 00 00 00 00 00 00 00 00 00   
                    00 00 00 00 00 00 00 00 00 00 00 00 00 00 00 00   
                    00 00 00 00 00 00 00 00 00 00 00 00 00 00 00 00   
                    00 00 00 00 00 00 00 00 00 00 00 00 00 00 00 00   
                    00 00 00 00 00 00 00 00 00 00 00 00 00 00 00 00   
                    00 00 00 00 00 00 00 00 00 00 00 00 00 00 00 00   
                    00 00 00 00 00 00 00 00 00 00 00 00 00 00 00 00   
                    00 00 00 00 00 00 00 00 00 00 00 00 00 00 00 00   
                    00 00 00 00 00 00 00 00 00 00 00 00 00 00 00 00   
                    00 00 00 00 00 00 00 00 00 00 00 00 00 00 00 00   
                    00 00 00 00 00 00 00 00 00 00 00 00 00 00 00 00   
                    00 00 00 00 00 00 00 00 00 00 00 00 00 00 00 00   
                    00 00 00 00 00 00 00 00 00 00 00 00 00 00 00 00   
                    00 00 00 00 00 00 00 00 00 00 00 00 
00001638/00000768  00 00 00 00 00 00 00 00 00 00 00 00 00 00 00 00   ORG 17D0H
                    00 00 00 00 00 00 00 00 00 00 00 00 00 00 00 00   
                    00 00 00 00 00 00 00 00 00 00 00 00 00 00 00 00   
                    00 00 00 00 00 00 00 00 00 00 00 00 00 00 00 00   
                    00 00 00 00 00 00 00 00 00 00 00 00 00 00 00 00   
                    00 00 00 00 00 00 00 00 00 00 00 00 00 00 00 00   
                    00 00 00 00 00 00 00 00 00 00 00 00 00 00 00 00   
                    00 00 00 00 00 00 00 00 00 00 00 00 00 00 00 00   
                    00 00 00 00 00 00 00 00 00 00 00 00 00 00 00 00   
                    00 00 00 00 00 00 00 00 00 00 00 00 00 00 00 00   
                    00 00 00 00 00 00 00 00 00 00 00 00 00 00 00 00   
                    00 00 00 00 00 00 00 00 00 00 00 00 00 00 00 00   
                    00 00 00 00 00 00 00 00 00 00 00 00 00 00 00 00   
                    00 00 00 00 00 00 00 00 00 00 00 00 00 00 00 00   
                    00 00 00 00 00 00 00 00 00 00 00 00 00 00 00 00   
                    00 00 00 00 00 00 00 00 00 00 00 00 00 00 00 00   
                    00 00 00 00 00 00 00 00 00 00 00 00 00 00 00 00   
                    00 00 00 00 00 00 00 00 00 00 00 00 00 00 00 00   
                    00 00 00 00 00 00 00 00 00 00 00 00 00 00 00 00   
                    00 00 00 00 00 00 00 00 00 00 00 00 00 00 00 00   
                    00 00 00 00 00 00 00 00 00 00 00 00 00 00 00 00   
                    00 00 00 00 00 00 00 00 00 00 00 00 00 00 00 00   
                    00 00 00 00 00 00 00 00 00 00 00 00 00 00 00 00   
                    00 00 00 00 00 00 00 00 00 00 00 00 00 00 00 00   
                    00 00 00 00 00 00 00 00 00 00 00 00 00 00 00 00   
                    00 00 00 00 00 00 00 00 
000017D0/000007F0  19 00 00                                           STC
000017D3/000007F1  01 2A 01                                           JMP CF,OFFSET REQUESTFROMNETWORK
000017D6/000007F2  19 00 00                                           STC
000017D9/000007F3  01 C0 00                                           JMP CF,OFFSET EXCEPTIONREQUEST
000017DC/000007F4  19 00 00                                           STC
000017DF/000007F5  01 C7 00                                           JMP CF,OFFSET INTERRUPTREQUEST
000017E2/000007F6  19 00 00                                           STC
000017E5/000007F7  01 02 00                                           JMP CF,OFFSET REQUESTFROMEU
000017E8/000007F8  19 00 00                                           STC
000017EB/000007F9  01 C3 00                                           JMP CF,OFFSET BKPTREQUEST
